<?xml version="1.0" encoding="UTF-8"?>
<!-- Generated by org.testng.reporters.JUnitReportReporter -->
<testsuite hostname="MWDH-Work2" failures="0" tests="1" name="ass3W12D5.TapFunctionalityinAppium.AppTest" time="23.896" errors="0" timestamp="2022-09-07T04:00:02 AST" skipped="0">
  <testcase classname="ass3W12D5.TapFunctionalityinAppium.AppTest" name="TestTap" time="23.896"/>
  <system-out/>
</testsuite> <!-- ass3W12D5.TapFunctionalityinAppium.AppTest -->
